<?xml version="1.0" encoding="UTF-8"?>
<testsuite name="hello.ApplicationTest" tests="3" skipped="0" failures="0" errors="0" timestamp="2018-02-02T15:03:05" hostname="Anil-PC" time="0.238">
  <properties/>
  <testcase name="homePage" classname="hello.ApplicationTest" time="0.12"/>
  <testcase name="greetingWithUser" classname="hello.ApplicationTest" time="0.104"/>
  <testcase name="greeting" classname="hello.ApplicationTest" time="0.009"/>
  <system-out><![CDATA[20:32:57.337 [Test worker] DEBUG org.springframework.test.context.junit4.SpringJUnit4ClassRunner - SpringJUnit4ClassRunner constructor called with [class hello.ApplicationTest]
20:32:57.343 [Test worker] DEBUG org.springframework.test.context.BootstrapUtils - Instantiating CacheAwareContextLoaderDelegate from class [org.springframework.test.context.cache.DefaultCacheAwareContextLoaderDelegate]
20:32:57.356 [Test worker] DEBUG org.springframework.test.context.BootstrapUtils - Instantiating BootstrapContext using constructor [public org.springframework.test.context.support.DefaultBootstrapContext(java.lang.Class,org.springframework.test.context.CacheAwareContextLoaderDelegate)]
20:32:57.387 [Test worker] DEBUG org.springframework.test.context.BootstrapUtils - Instantiating TestContextBootstrapper for test class [hello.ApplicationTest] from class [org.springframework.boot.test.context.SpringBootTestContextBootstrapper]
20:32:57.404 [Test worker] INFO org.springframework.boot.test.context.SpringBootTestContextBootstrapper - Neither @ContextConfiguration nor @ContextHierarchy found for test class [hello.ApplicationTest], using SpringBootContextLoader
20:32:57.409 [Test worker] DEBUG org.springframework.test.context.support.AbstractContextLoader - Did not detect default resource location for test class [hello.ApplicationTest]: class path resource [hello/ApplicationTest-context.xml] does not exist
20:32:57.409 [Test worker] DEBUG org.springframework.test.context.support.AbstractContextLoader - Did not detect default resource location for test class [hello.ApplicationTest]: class path resource [hello/ApplicationTestContext.groovy] does not exist
20:32:57.409 [Test worker] INFO org.springframework.test.context.support.AbstractContextLoader - Could not detect default resource locations for test class [hello.ApplicationTest]: no resource found for suffixes {-context.xml, Context.groovy}.
20:32:57.411 [Test worker] INFO org.springframework.test.context.support.AnnotationConfigContextLoaderUtils - Could not detect default configuration classes for test class [hello.ApplicationTest]: ApplicationTest does not declare any static, non-private, non-final, nested classes annotated with @Configuration.
20:32:57.491 [Test worker] DEBUG org.springframework.test.context.support.ActiveProfilesUtils - Could not find an 'annotation declaring class' for annotation type [org.springframework.test.context.ActiveProfiles] and class [hello.ApplicationTest]
20:32:57.500 [Test worker] DEBUG org.springframework.core.env.StandardEnvironment - Adding PropertySource 'systemProperties' with lowest search precedence
20:32:57.500 [Test worker] DEBUG org.springframework.core.env.StandardEnvironment - Adding PropertySource 'systemEnvironment' with lowest search precedence
20:32:57.501 [Test worker] DEBUG org.springframework.core.env.StandardEnvironment - Initialized StandardEnvironment with PropertySources [MapPropertySource@1262006872 {name='systemProperties', properties={java.runtime.name=Java(TM) SE Runtime Environment, sun.boot.library.path=C:\java\jre\bin, java.vm.version=25.131-b11, java.vm.vendor=Oracle Corporation, java.vendor.url=http://java.oracle.com/, path.separator=;, java.vm.name=Java HotSpot(TM) 64-Bit Server VM, file.encoding.pkg=sun.io, user.script=, sun.java.launcher=SUN_STANDARD, user.country=US, sun.os.patch.level=Service Pack 1, java.vm.specification.name=Java Virtual Machine Specification, user.dir=D:\myprojects\randomprojects\farcar, java.runtime.version=1.8.0_131-b11, java.awt.graphicsenv=sun.awt.Win32GraphicsEnvironment, java.endorsed.dirs=C:\java\jre\lib\endorsed, os.arch=amd64, java.io.tmpdir=C:\Users\Anil\AppData\Local\Temp\, line.separator=
, java.vm.specification.vendor=Oracle Corporation, user.variant=, os.name=Windows 7, sun.jnu.encoding=Cp1252, java.library.path=C:\java\bin;C:\Windows\Sun\Java\bin;C:\Windows\system32;C:\Windows;C:\ProgramData\Oracle\Java\javapath;C:\Windows\system32;C:\Windows;C:\Windows\System32\Wbem;C:\Windows\System32\WindowsPowerShell\v1.0\;C:\Program Files\Git\cmd;C:\Program Files\Git\mingw64\bin;C:\Program Files\Git\usr\bin;C:\apache-maven-3.5.2\bin;C:\apache-maven-3.5.2\bin;., java.specification.name=Java Platform API Specification, java.class.version=52.0, sun.management.compiler=HotSpot 64-Bit Tiered Compilers, os.version=6.1, user.home=C:\Users\Anil, user.timezone=Asia/Calcutta, java.awt.printerjob=sun.awt.windows.WPrinterJob, file.encoding=windows-1252, java.specification.version=1.8, java.class.path=D:\myprojects\randomprojects\farcar\build\classes\test;D:\myprojects\randomprojects\farcar\build\resources\test;D:\myprojects\randomprojects\farcar\build\classes\main;D:\myprojects\randomprojects\farcar\build\resources\main;C:\Users\Anil\.gradle\caches\modules-2\files-2.1\org.springframework.boot\spring-boot-starter-thymeleaf\1.5.10.RELEASE\39df06f0bc15bf022ddf3cc9a0d1cf5dc47f023a\spring-boot-starter-thymeleaf-1.5.10.RELEASE.jar;C:\Users\Anil\.gradle\caches\modules-2\files-2.1\org.springframework.boot\spring-boot-devtools\1.5.10.RELEASE\64a5e292f913e4b782954765778e6f6910c0208c\spring-boot-devtools-1.5.10.RELEASE.jar;C:\Users\Anil\.gradle\caches\modules-2\files-2.1\org.springframework.boot\spring-boot-starter-data-jpa\1.5.10.RELEASE\ca30f9060231d3161d325580098d326754a2f4e1\spring-boot-starter-data-jpa-1.5.10.RELEASE.jar;C:\Users\Anil\.gradle\caches\modules-2\files-2.1\com.h2database\h2\1.4.196\dd0034398d593aa3588c6773faac429bbd9aea0e\h2-1.4.196.jar;C:\Users\Anil\.gradle\caches\modules-2\files-2.1\org.springframework.boot\spring-boot-starter-test\1.5.10.RELEASE\d4e1be51061d71b55f4bd4458d8437d1b943a70\spring-boot-starter-test-1.5.10.RELEASE.jar;C:\Users\Anil\.gradle\caches\modules-2\files-2.1\org.springframework.boot\spring-boot-starter\1.5.10.RELEASE\d935ac98f84c1d97d7ccd702d21abdc236fa7aa0\spring-boot-starter-1.5.10.RELEASE.jar;C:\Users\Anil\.gradle\caches\modules-2\files-2.1\org.springframework.boot\spring-boot-starter-web\1.5.10.RELEASE\8bc445f3ee81e5322e46b28cbb33bca1800b69d9\spring-boot-starter-web-1.5.10.RELEASE.jar;C:\Users\Anil\.gradle\caches\modules-2\files-2.1\org.thymeleaf\thymeleaf-spring4\2.1.6.RELEASE\a18784dab5e9337a53ce3213b205f927217849f2\thymeleaf-spring4-2.1.6.RELEASE.jar;C:\Users\Anil\.gradle\caches\modules-2\files-2.1\nz.net.ultraq.thymeleaf\thymeleaf-layout-dialect\1.4.0\8d7810c069ed1534b9631fb1e85c35973546086\thymeleaf-layout-dialect-1.4.0.jar;C:\Users\Anil\.gradle\caches\modules-2\files-2.1\org.springframework.boot\spring-boot\1.5.10.RELEASE\594b3efa04829f62754a19f59f81ba204636167a\spring-boot-1.5.10.RELEASE.jar;C:\Users\Anil\.gradle\caches\modules-2\files-2.1\org.springframework.boot\spring-boot-autoconfigure\1.5.10.RELEASE\be96efab0d35181f18c486b0ec8d6a41a7042fce\spring-boot-autoconfigure-1.5.10.RELEASE.jar;C:\Users\Anil\.gradle\caches\modules-2\files-2.1\org.springframework.boot\spring-boot-starter-aop\1.5.10.RELEASE\2e58fd451d9e89a539a2c15efc5089d81dd7a686\spring-boot-starter-aop-1.5.10.RELEASE.jar;C:\Users\Anil\.gradle\caches\modules-2\files-2.1\org.springframework.boot\spring-boot-starter-jdbc\1.5.10.RELEASE\f78396b57f70a0ca8422bcbe8959aa49baf49023\spring-boot-starter-jdbc-1.5.10.RELEASE.jar;C:\Users\Anil\.gradle\caches\modules-2\files-2.1\org.hibernate\hibernate-core\5.0.12.Final\e58bf1c660e6706d8e2cbb53bae110f574366102\hibernate-core-5.0.12.Final.jar;C:\Users\Anil\.gradle\caches\modules-2\files-2.1\org.hibernate\hibernate-entitymanager\5.0.12.Final\302a526f5058290e9cbd719a5caf9f248d344719\hibernate-entitymanager-5.0.12.Final.jar;C:\Users\Anil\.gradle\caches\modules-2\files-2.1\javax.transaction\javax.transaction-api\1.2\d81aff979d603edd90dcd8db2abc1f4ce6479e3e\javax.transaction-api-1.2.jar;C:\Users\Anil\.gradle\caches\modules-2\files-2.1\org.springframework.data\spring-data-jpa\1.11.10.RELEASE\82ec646adc5d33b7b1d8f52e90c0ea030f0888ca\spring-data-jpa-1.11.10.RELEASE.jar;C:\Users\Anil\.gradle\caches\modules-2\files-2.1\org.springframework\spring-aspects\4.3.14.RELEASE\e2d10895e7142dd4c5e979407fe4539146429618\spring-aspects-4.3.14.RELEASE.jar;C:\Users\Anil\.gradle\caches\modules-2\files-2.1\org.springframework.boot\spring-boot-test\1.5.10.RELEASE\b7f28e8896906f0bbbb951727a7c5581c562d1c9\spring-boot-test-1.5.10.RELEASE.jar;C:\Users\Anil\.gradle\caches\modules-2\files-2.1\org.springframework.boot\spring-boot-test-autoconfigure\1.5.10.RELEASE\55242f7c194fb141de8460a92e92b716469fc3a8\spring-boot-test-autoconfigure-1.5.10.RELEASE.jar;C:\Users\Anil\.gradle\caches\modules-2\files-2.1\com.jayway.jsonpath\json-path\2.2.0\22290d17944bd239fabf5ac69005a60a7ecbbbcb\json-path-2.2.0.jar;C:\Users\Anil\.gradle\caches\modules-2\files-2.1\junit\junit\4.12\2973d150c0dc1fefe998f834810d68f278ea58ec\junit-4.12.jar;C:\Users\Anil\.gradle\caches\modules-2\files-2.1\org.assertj\assertj-core\2.6.0\b532c3fc4f66bcfee4989a3514f1cd56203a33ad\assertj-core-2.6.0.jar;C:\Users\Anil\.gradle\caches\modules-2\files-2.1\org.mockito\mockito-core\1.10.19\e8546f5bef4e061d8dd73895b4e8f40e3fe6effe\mockito-core-1.10.19.jar;C:\Users\Anil\.gradle\caches\modules-2\files-2.1\org.hamcrest\hamcrest-core\1.3\42a25dc3219429f0e5d060061f71acb49bf010a0\hamcrest-core-1.3.jar;C:\Users\Anil\.gradle\caches\modules-2\files-2.1\org.hamcrest\hamcrest-library\1.3\4785a3c21320980282f9f33d0d1264a69040538f\hamcrest-library-1.3.jar;C:\Users\Anil\.gradle\caches\modules-2\files-2.1\org.skyscreamer\jsonassert\1.4.0\9cdbb373a06f6513e51e8c545ee6a5e981463edb\jsonassert-1.4.0.jar;C:\Users\Anil\.gradle\caches\modules-2\files-2.1\org.springframework\spring-core\4.3.14.RELEASE\c70ddb6204457a802d1f6882d65bca3e5b3c41df\spring-core-4.3.14.RELEASE.jar;C:\Users\Anil\.gradle\caches\modules-2\files-2.1\org.springframework\spring-test\4.3.14.RELEASE\1a7f6f51a263a3e09e94403653348b3864412c53\spring-test-4.3.14.RELEASE.jar;C:\Users\Anil\.gradle\caches\modules-2\files-2.1\org.springframework.boot\spring-boot-starter-logging\1.5.10.RELEASE\62c73688208b3173645d6701fc3eb95ca657e6c8\spring-boot-starter-logging-1.5.10.RELEASE.jar;C:\Users\Anil\.gradle\caches\modules-2\files-2.1\org.yaml\snakeyaml\1.17\7a27ea250c5130b2922b86dea63cbb1cc10a660c\snakeyaml-1.17.jar;C:\Users\Anil\.gradle\caches\modules-2\files-2.1\org.springframework.boot\spring-boot-starter-tomcat\1.5.10.RELEASE\11e474e265f1c68fc435dddbac42ab3574b5e4b6\spring-boot-starter-tomcat-1.5.10.RELEASE.jar;C:\Users\Anil\.gradle\caches\modules-2\files-2.1\org.hibernate\hibernate-validator\5.3.6.Final\4c730be8bf55a8e9a61e79a2f2c079abf48b718\hibernate-validator-5.3.6.Final.jar;C:\Users\Anil\.gradle\caches\modules-2\files-2.1\com.fasterxml.jackson.core\jackson-databind\2.8.10\f7b83cb2bc4b88d53961e749e1ad32f49ef017b7\jackson-databind-2.8.10.jar;C:\Users\Anil\.gradle\caches\modules-2\files-2.1\org.springframework\spring-web\4.3.14.RELEASE\a0c3bf3ad661db185675bd5af350f35ed11f0903\spring-web-4.3.14.RELEASE.jar;C:\Users\Anil\.gradle\caches\modules-2\files-2.1\org.springframework\spring-webmvc\4.3.14.RELEASE\1571eab8a807005d424ca16fedd54b1f439787b2\spring-webmvc-4.3.14.RELEASE.jar;C:\Users\Anil\.gradle\caches\modules-2\files-2.1\org.thymeleaf\thymeleaf\2.1.6.RELEASE\c362b4ecbeddc86a0cb7e767a88ce27e9c8147e6\thymeleaf-2.1.6.RELEASE.jar;C:\Users\Anil\.gradle\caches\modules-2\files-2.1\org.slf4j\slf4j-api\1.7.25\da76ca59f6a57ee3102f8f9bd9cee742973efa8a\slf4j-api-1.7.25.jar;C:\Users\Anil\.gradle\caches\modules-2\files-2.1\org.codehaus.groovy\groovy\2.4.13\de7b73bed517fa1323aab391b719b59c3702391a\groovy-2.4.13.jar;C:\Users\Anil\.gradle\caches\modules-2\files-2.1\org.springframework\spring-context\4.3.14.RELEASE\e50a712960926c30e537ef4a633f5d9dd5a8b155\spring-context-4.3.14.RELEASE.jar;C:\Users\Anil\.gradle\caches\modules-2\files-2.1\org.springframework\spring-aop\4.3.14.RELEASE\dfe55b0592aead8e3eb0e6a4e98db433b9e09bd7\spring-aop-4.3.14.RELEASE.jar;C:\Users\Anil\.gradle\caches\modules-2\files-2.1\org.aspectj\aspectjweaver\1.8.13\ad94df2a28d658a40dc27bbaff6a1ce5fbf04e9b\aspectjweaver-1.8.13.jar;C:\Users\Anil\.gradle\caches\modules-2\files-2.1\org.apache.tomcat\tomcat-jdbc\8.5.27\f37dfae9e9afb6b2742e04a401e32264c5fec0ec\tomcat-jdbc-8.5.27.jar;C:\Users\Anil\.gradle\caches\modules-2\files-2.1\org.springframework\spring-jdbc\4.3.14.RELEASE\1b1b9045d9ec1e067d99bf158210e9e7cf2ebfd2\spring-jdbc-4.3.14.RELEASE.jar;C:\Users\Anil\.gradle\caches\modules-2\files-2.1\org.jboss.logging\jboss-logging\3.3.1.Final\c46217ab74b532568c0ed31dc599db3048bd1b67\jboss-logging-3.3.1.Final.jar;C:\Users\Anil\.gradle\caches\modules-2\files-2.1\org.hibernate.javax.persistence\hibernate-jpa-2.1-api\1.0.0.Final\5e731d961297e5a07290bfaf3db1fbc8bbbf405a\hibernate-jpa-2.1-api-1.0.0.Final.jar;C:\Users\Anil\.gradle\caches\modules-2\files-2.1\org.javassist\javassist\3.21.0-GA\598244f595db5c5fb713731eddbb1c91a58d959b\javassist-3.21.0-GA.jar;C:\Users\Anil\.gradle\caches\modules-2\files-2.1\antlr\antlr\2.7.7\83cd2cd674a217ade95a4bb83a8a14f351f48bd0\antlr-2.7.7.jar;C:\Users\Anil\.gradle\caches\modules-2\files-2.1\org.jboss\jandex\2.0.0.Final\3e899258936f94649c777193e1be846387ed54b3\jandex-2.0.0.Final.jar;C:\Users\Anil\.gradle\caches\modules-2\files-2.1\dom4j\dom4j\1.6.1\5d3ccc056b6f056dbf0dddfdf43894b9065a8f94\dom4j-1.6.1.jar;C:\Users\Anil\.gradle\caches\modules-2\files-2.1\org.hibernate.common\hibernate-commons-annotations\5.0.1.Final\71e1cff3fcb20d3b3af4f3363c3ddb24d33c6879\hibernate-commons-annotations-5.0.1.Final.jar;C:\Users\Anil\.gradle\caches\modules-2\files-2.1\org.springframework.data\spring-data-commons\1.13.10.RELEASE\b732245a0902b561b0c33e54cd0f382e9ac444ed\spring-data-commons-1.13.10.RELEASE.jar;C:\Users\Anil\.gradle\caches\modules-2\files-2.1\org.springframework\spring-orm\4.3.14.RELEASE\721bc451d02070954ebee039d419b410c4697fcb\spring-orm-4.3.14.RELEASE.jar;C:\Users\Anil\.gradle\caches\modules-2\files-2.1\org.springframework\spring-tx\4.3.14.RELEASE\1c9449fcb805837db3c706eab4c729f89688a267\spring-tx-4.3.14.RELEASE.jar;C:\Users\Anil\.gradle\caches\modules-2\files-2.1\org.springframework\spring-beans\4.3.14.RELEASE\7bcd17a68dd64e9447d7bff2c42ba7417678596e\spring-beans-4.3.14.RELEASE.jar;C:\Users\Anil\.gradle\caches\modules-2\files-2.1\org.slf4j\jcl-over-slf4j\1.7.25\f8c32b13ff142a513eeb5b6330b1588dcb2c0461\jcl-over-slf4j-1.7.25.jar;C:\Users\Anil\.gradle\caches\modules-2\files-2.1\net.minidev\json-smart\2.2.1\5b9e5df7a62d1279b70dc882b041d249c4f0b002\json-smart-2.2.1.jar;C:\Users\Anil\.gradle\caches\modules-2\files-2.1\org.objenesis\objenesis\2.1\87c0ea803b69252868d09308b4618f766f135a96\objenesis-2.1.jar;C:\Users\Anil\.gradle\caches\modules-2\files-2.1\com.vaadin.external.google\android-json\0.0.20131108.vaadin1\fa26d351fe62a6a17f5cda1287c1c6110dec413f\android-json-0.0.20131108.vaadin1.jar;C:\Users\Anil\.gradle\caches\modules-2\files-2.1\ch.qos.logback\logback-classic\1.1.11\ccedfbacef4a6515d2983e3f89ed753d5d4fb665\logback-classic-1.1.11.jar;C:\Users\Anil\.gradle\caches\modules-2\files-2.1\org.slf4j\jul-to-slf4j\1.7.25\af5364cd6679bfffb114f0dec8a157aaa283b76\jul-to-slf4j-1.7.25.jar;C:\Users\Anil\.gradle\caches\modules-2\files-2.1\org.slf4j\log4j-over-slf4j\1.7.25\a87bb47468f47ee7aabbd54f93e133d4215769c3\log4j-over-slf4j-1.7.25.jar;C:\Users\Anil\.gradle\caches\modules-2\files-2.1\org.apache.tomcat.embed\tomcat-embed-core\8.5.27\a10612f0af27c7bfcc4e8d88393adad1fc5b4ece\tomcat-embed-core-8.5.27.jar;C:\Users\Anil\.gradle\caches\modules-2\files-2.1\org.apache.tomcat.embed\tomcat-embed-el\8.5.27\5a591bcf5c930d2b37bb40c0f95180604a3b1a57\tomcat-embed-el-8.5.27.jar;C:\Users\Anil\.gradle\caches\modules-2\files-2.1\org.apache.tomcat.embed\tomcat-embed-websocket\8.5.27\3cba1c5187a17b0233de5712024d6e144036ba9a\tomcat-embed-websocket-8.5.27.jar;C:\Users\Anil\.gradle\caches\modules-2\files-2.1\javax.validation\validation-api\1.1.0.Final\8613ae82954779d518631e05daa73a6a954817d5\validation-api-1.1.0.Final.jar;C:\Users\Anil\.gradle\caches\modules-2\files-2.1\com.fasterxml\classmate\1.3.4\3d5f48f10bbe4eb7bd862f10c0583be2e0053c6\classmate-1.3.4.jar;C:\Users\Anil\.gradle\caches\modules-2\files-2.1\com.fasterxml.jackson.core\jackson-annotations\2.8.0\45b426f7796b741035581a176744d91090e2e6fb\jackson-annotations-2.8.0.jar;C:\Users\Anil\.gradle\caches\modules-2\files-2.1\com.fasterxml.jackson.core\jackson-core\2.8.10\eb21a035c66ad307e66ec8fce37f5d50fd62d039\jackson-core-2.8.10.jar;C:\Users\Anil\.gradle\caches\modules-2\files-2.1\org.springframework\spring-expression\4.3.14.RELEASE\58477b44debcb49b09e962e3047ee74c2c033e89\spring-expression-4.3.14.RELEASE.jar;C:\Users\Anil\.gradle\caches\modules-2\files-2.1\ognl\ognl\3.0.8\37e1aebfde7eb7baebc9ad4f85116ef9009c5fc5\ognl-3.0.8.jar;C:\Users\Anil\.gradle\caches\modules-2\files-2.1\org.unbescape\unbescape\1.1.0.RELEASE\ab0db4fe0a6fa89fb8da2a40008a4e63a7f3f5b9\unbescape-1.1.0.RELEASE.jar;C:\Users\Anil\.gradle\caches\modules-2\files-2.1\org.apache.tomcat\tomcat-juli\8.5.27\583a08f2f59c6abdd86833b572b9a2f55e61a0f2\tomcat-juli-8.5.27.jar;C:\Users\Anil\.gradle\caches\modules-2\files-2.1\net.minidev\accessors-smart\1.1\a527213f2fea112a04c9bdf0ec0264e34104cd08\accessors-smart-1.1.jar;C:\Users\Anil\.gradle\caches\modules-2\files-2.1\ch.qos.logback\logback-core\1.1.11\88b8df40340eed549fb07e2613879bf6b006704d\logback-core-1.1.11.jar;C:\Users\Anil\.gradle\caches\modules-2\files-2.1\org.apache.tomcat\tomcat-annotations-api\8.5.27\122c0a4acaba72bf4590e83c9fbcb3475c46edc5\tomcat-annotations-api-8.5.27.jar;C:\Users\Anil\.gradle\caches\modules-2\files-2.1\org.ow2.asm\asm\5.0.3\dcc2193db20e19e1feca8b1240dbbc4e190824fa\asm-5.0.3.jar, user.name=Anil, java.vm.specification.version=1.8, sun.java.command=jarjar.org.gradle.process.internal.launcher.GradleWorkerMain 'Gradle Test Executor 1', java.home=C:\java\jre, sun.arch.data.model=64, user.language=en, java.specification.vendor=Oracle Corporation, awt.toolkit=sun.awt.windows.WToolkit, java.vm.info=mixed mode, java.version=1.8.0_131, java.ext.dirs=C:\java\jre\lib\ext;C:\Windows\Sun\Java\lib\ext, sun.boot.class.path=C:\java\jre\lib\resources.jar;C:\java\jre\lib\rt.jar;C:\java\jre\lib\sunrsasign.jar;C:\java\jre\lib\jsse.jar;C:\java\jre\lib\jce.jar;C:\java\jre\lib\charsets.jar;C:\java\jre\lib\jfr.jar;C:\java\jre\classes, java.vendor=Oracle Corporation, org.gradle.test.worker=1, file.separator=\, java.vendor.url.bug=http://bugreport.sun.com/bugreport/, sun.io.unicode.encoding=UnicodeLittle, sun.cpu.endian=little, sun.desktop=windows, sun.cpu.isalist=amd64}}, SystemEnvironmentPropertySource@2027055216 {name='systemEnvironment', properties={PROCESSOR_LEVEL=6, FP_NO_HOST_CHECK=NO, SESSIONNAME=Console, ALLUSERSPROFILE=C:\ProgramData, PROCESSOR_ARCHITECTURE=AMD64, PSModulePath=C:\Windows\system32\WindowsPowerShell\v1.0\Modules\, SystemDrive=C:, MAVEN_HOME=C:\apache-maven-3.5.2, DIRNAME=D:\myprojects\randomprojects\farcar\, USERNAME=Anil, CMD_LINE_ARGS=build, ProgramFiles(x86)=C:\Program Files (x86), APP_HOME=D:\myprojects\randomprojects\farcar\, PATHEXT=.COM;.EXE;.BAT;.CMD;.VBS;.VBE;.JS;.JSE;.WSF;.WSH;.MSC, ProgramData=C:\ProgramData, ProgramW6432=C:\Program Files, HOMEPATH=\Users\Anil, PROCESSOR_IDENTIFIER=Intel64 Family 6 Model 37 Stepping 2, GenuineIntel, ProgramFiles=C:\Program Files, PUBLIC=C:\Users\Public, windir=C:\Windows, =::=::\, _SKIP=2, LOCALAPPDATA=C:\Users\Anil\AppData\Local, USERDOMAIN=Anil-PC, LOGONSERVER=\\ANIL-PC, JAVA_HOME=C:\java, PROMPT=$P$G, ANT_HOME=C:\apache-ant-1.6.0, APPDATA=C:\Users\Anil\AppData\Roaming, JAVA_EXE=C:\java/bin/java.exe, windows_tracing_logfile=C:\BVTBin\Tests\installpackage\csilogfile.log, CommonProgramFiles=C:\Program Files\Common Files, Path=C:\ProgramData\Oracle\Java\javapath;C:\Windows\system32;C:\Windows;C:\Windows\System32\Wbem;C:\Windows\System32\WindowsPowerShell\v1.0\;C:\Program Files\Git\cmd;C:\Program Files\Git\mingw64\bin;C:\Program Files\Git\usr\bin;C:\apache-maven-3.5.2\bin;C:\apache-maven-3.5.2\bin, OS=Windows_NT, windows_tracing_flags=3, COMPUTERNAME=ANIL-PC, PROCESSOR_REVISION=2502, CLASSPATH=D:\myprojects\randomprojects\farcar\\gradle\wrapper\gradle-wrapper.jar, CommonProgramW6432=C:\Program Files\Common Files, ComSpec=C:\Windows\system32\cmd.exe, APP_BASE_NAME=gradlew, =D:=D:\myprojects\randomprojects\farcar, SystemRoot=C:\Windows, TEMP=C:\Users\Anil\AppData\Local\Temp, HOMEDRIVE=C:, USERPROFILE=C:\Users\Anil, TMP=C:\Users\Anil\AppData\Local\Temp, CommonProgramFiles(x86)=C:\Program Files (x86)\Common Files, NUMBER_OF_PROCESSORS=4}}]
20:32:57.519 [Test worker] DEBUG org.springframework.core.io.support.PathMatchingResourcePatternResolver - Resolved classpath location [hello/] to resources [URL [file:/D:/myprojects/randomprojects/farcar/build/classes/test/hello/], URL [file:/D:/myprojects/randomprojects/farcar/build/classes/main/hello/]]
20:32:57.520 [Test worker] DEBUG org.springframework.core.io.support.PathMatchingResourcePatternResolver - Looking for matching resources in directory tree [D:\myprojects\randomprojects\farcar\build\classes\test\hello]
20:32:57.521 [Test worker] DEBUG org.springframework.core.io.support.PathMatchingResourcePatternResolver - Searching directory [D:\myprojects\randomprojects\farcar\build\classes\test\hello] for files matching pattern [D:/myprojects/randomprojects/farcar/build/classes/test/hello/*.class]
20:32:57.526 [Test worker] DEBUG org.springframework.core.io.support.PathMatchingResourcePatternResolver - Looking for matching resources in directory tree [D:\myprojects\randomprojects\farcar\build\classes\main\hello]
20:32:57.526 [Test worker] DEBUG org.springframework.core.io.support.PathMatchingResourcePatternResolver - Searching directory [D:\myprojects\randomprojects\farcar\build\classes\main\hello] for files matching pattern [D:/myprojects/randomprojects/farcar/build/classes/main/hello/*.class]
20:32:57.529 [Test worker] DEBUG org.springframework.core.io.support.PathMatchingResourcePatternResolver - Resolved location pattern [classpath*:hello/*.class] to resources [file [D:\myprojects\randomprojects\farcar\build\classes\test\hello\ApplicationTest.class], file [D:\myprojects\randomprojects\farcar\build\classes\main\hello\Application.class], file [D:\myprojects\randomprojects\farcar\build\classes\main\hello\BookController.class], file [D:\myprojects\randomprojects\farcar\build\classes\main\hello\City.class], file [D:\myprojects\randomprojects\farcar\build\classes\main\hello\CityController.class], file [D:\myprojects\randomprojects\farcar\build\classes\main\hello\Customer.class], file [D:\myprojects\randomprojects\farcar\build\classes\main\hello\CustomerController.class], file [D:\myprojects\randomprojects\farcar\build\classes\main\hello\CustomerRepository.class], file [D:\myprojects\randomprojects\farcar\build\classes\main\hello\Greeting.class], file [D:\myprojects\randomprojects\farcar\build\classes\main\hello\GreetingController.class]]
20:32:57.584 [Test worker] DEBUG org.springframework.context.annotation.ClassPathScanningCandidateComponentProvider - Identified candidate component class: file [D:\myprojects\randomprojects\farcar\build\classes\main\hello\Application.class]
20:32:57.599 [Test worker] INFO org.springframework.boot.test.context.SpringBootTestContextBootstrapper - Found @SpringBootConfiguration hello.Application for test class hello.ApplicationTest
20:32:57.605 [Test worker] DEBUG org.springframework.boot.test.context.SpringBootTestContextBootstrapper - @TestExecutionListeners is not present for class [hello.ApplicationTest]: using defaults.
20:32:57.611 [Test worker] INFO org.springframework.boot.test.context.SpringBootTestContextBootstrapper - Loaded default TestExecutionListener class names from location [META-INF/spring.factories]: [org.springframework.boot.test.mock.mockito.MockitoTestExecutionListener, org.springframework.boot.test.mock.mockito.ResetMocksTestExecutionListener, org.springframework.boot.test.autoconfigure.restdocs.RestDocsTestExecutionListener, org.springframework.boot.test.autoconfigure.web.client.MockRestServiceServerResetTestExecutionListener, org.springframework.boot.test.autoconfigure.web.servlet.MockMvcPrintOnlyOnFailureTestExecutionListener, org.springframework.boot.test.autoconfigure.web.servlet.WebDriverTestExecutionListener, org.springframework.test.context.web.ServletTestExecutionListener, org.springframework.test.context.support.DirtiesContextBeforeModesTestExecutionListener, org.springframework.test.context.support.DependencyInjectionTestExecutionListener, org.springframework.test.context.support.DirtiesContextTestExecutionListener, org.springframework.test.context.transaction.TransactionalTestExecutionListener, org.springframework.test.context.jdbc.SqlScriptsTestExecutionListener]
20:32:57.646 [Test worker] INFO org.springframework.boot.test.context.SpringBootTestContextBootstrapper - Using TestExecutionListeners: [org.springframework.test.context.web.ServletTestExecutionListener@5a2b8abb, org.springframework.test.context.support.DirtiesContextBeforeModesTestExecutionListener@1cd01a5d, org.springframework.boot.test.autoconfigure.SpringBootDependencyInjectionTestExecutionListener@5462b377, org.springframework.test.context.support.DirtiesContextTestExecutionListener@5b767558, org.springframework.test.context.transaction.TransactionalTestExecutionListener@5d8e42df, org.springframework.test.context.jdbc.SqlScriptsTestExecutionListener@4190b9c1, org.springframework.boot.test.mock.mockito.MockitoTestExecutionListener@a8438f, org.springframework.boot.test.mock.mockito.ResetMocksTestExecutionListener@681c3a77, org.springframework.boot.test.autoconfigure.restdocs.RestDocsTestExecutionListener@47ab0511, org.springframework.boot.test.autoconfigure.web.client.MockRestServiceServerResetTestExecutionListener@331f294, org.springframework.boot.test.autoconfigure.web.servlet.MockMvcPrintOnlyOnFailureTestExecutionListener@41477d46, org.springframework.boot.test.autoconfigure.web.servlet.WebDriverTestExecutionListener@4881289b]
20:32:57.649 [Test worker] DEBUG org.springframework.test.annotation.ProfileValueUtils - Retrieved @ProfileValueSourceConfiguration [null] for test class [hello.ApplicationTest]
20:32:57.650 [Test worker] DEBUG org.springframework.test.annotation.ProfileValueUtils - Retrieved ProfileValueSource type [class org.springframework.test.annotation.SystemProfileValueSource] for class [hello.ApplicationTest]
20:32:57.652 [Test worker] DEBUG org.springframework.test.annotation.ProfileValueUtils - Retrieved @ProfileValueSourceConfiguration [null] for test class [hello.ApplicationTest]
20:32:57.652 [Test worker] DEBUG org.springframework.test.annotation.ProfileValueUtils - Retrieved ProfileValueSource type [class org.springframework.test.annotation.SystemProfileValueSource] for class [hello.ApplicationTest]
20:32:57.659 [Test worker] DEBUG org.springframework.test.context.support.AbstractDirtiesContextTestExecutionListener - Before test class: context [DefaultTestContext@2d5cc1fa testClass = ApplicationTest, testInstance = [null], testMethod = [null], testException = [null], mergedContextConfiguration = [WebMergedContextConfiguration@ce94f3a testClass = ApplicationTest, locations = '{}', classes = '{class hello.Application}', contextInitializerClasses = '[]', activeProfiles = '{}', propertySourceLocations = '{}', propertySourceProperties = '{org.springframework.boot.test.context.SpringBootTestContextBootstrapper=true}', contextCustomizers = set[[ImportsContextCustomizer@42298371 key = [org.springframework.boot.test.autoconfigure.web.servlet.MockMvcAutoConfiguration, org.springframework.boot.test.autoconfigure.web.servlet.MockMvcSecurityAutoConfiguration, org.springframework.boot.test.autoconfigure.web.servlet.MockMvcWebClientAutoConfiguration, org.springframework.boot.test.autoconfigure.web.servlet.MockMvcWebDriverAutoConfiguration]], org.springframework.boot.test.context.SpringBootTestContextCustomizer@234bc30b, org.springframework.boot.test.context.filter.ExcludeFilterContextCustomizer@183d8da4, org.springframework.boot.test.json.DuplicateJsonObjectContextCustomizerFactory$DuplicateJsonObjectContextCustomizer@1aa0ed4f, org.springframework.boot.test.mock.mockito.MockitoContextCustomizer@0, org.springframework.boot.test.autoconfigure.properties.PropertyMappingContextCustomizer@e7e8512, org.springframework.boot.test.autoconfigure.web.servlet.WebDriverContextCustomizerFactory$Customizer@cd8d9fd], resourceBasePath = 'src/main/webapp', contextLoader = 'org.springframework.boot.test.context.SpringBootContextLoader', parent = [null]]], class annotated with @DirtiesContext [false] with mode [null].
20:32:57.660 [Test worker] DEBUG org.springframework.test.annotation.ProfileValueUtils - Retrieved @ProfileValueSourceConfiguration [null] for test class [hello.ApplicationTest]
20:32:57.660 [Test worker] DEBUG org.springframework.test.annotation.ProfileValueUtils - Retrieved ProfileValueSource type [class org.springframework.test.annotation.SystemProfileValueSource] for class [hello.ApplicationTest]
20:32:57.768 [Test worker] DEBUG org.springframework.core.env.StandardEnvironment - Adding PropertySource 'systemProperties' with lowest search precedence
20:32:57.769 [Test worker] DEBUG org.springframework.core.env.StandardEnvironment - Adding PropertySource 'systemEnvironment' with lowest search precedence
20:32:57.769 [Test worker] DEBUG org.springframework.core.env.StandardEnvironment - Initialized StandardEnvironment with PropertySources [MapPropertySource@1455123038 {name='systemProperties', properties={java.runtime.name=Java(TM) SE Runtime Environment, sun.boot.library.path=C:\java\jre\bin, java.vm.version=25.131-b11, java.vm.vendor=Oracle Corporation, java.vendor.url=http://java.oracle.com/, path.separator=;, java.vm.name=Java HotSpot(TM) 64-Bit Server VM, file.encoding.pkg=sun.io, user.script=, sun.java.launcher=SUN_STANDARD, user.country=US, sun.os.patch.level=Service Pack 1, java.vm.specification.name=Java Virtual Machine Specification, user.dir=D:\myprojects\randomprojects\farcar, java.runtime.version=1.8.0_131-b11, java.awt.graphicsenv=sun.awt.Win32GraphicsEnvironment, java.endorsed.dirs=C:\java\jre\lib\endorsed, os.arch=amd64, java.io.tmpdir=C:\Users\Anil\AppData\Local\Temp\, line.separator=
, java.vm.specification.vendor=Oracle Corporation, user.variant=, os.name=Windows 7, sun.jnu.encoding=Cp1252, java.library.path=C:\java\bin;C:\Windows\Sun\Java\bin;C:\Windows\system32;C:\Windows;C:\ProgramData\Oracle\Java\javapath;C:\Windows\system32;C:\Windows;C:\Windows\System32\Wbem;C:\Windows\System32\WindowsPowerShell\v1.0\;C:\Program Files\Git\cmd;C:\Program Files\Git\mingw64\bin;C:\Program Files\Git\usr\bin;C:\apache-maven-3.5.2\bin;C:\apache-maven-3.5.2\bin;., java.specification.name=Java Platform API Specification, java.class.version=52.0, sun.management.compiler=HotSpot 64-Bit Tiered Compilers, os.version=6.1, user.home=C:\Users\Anil, user.timezone=Asia/Calcutta, java.awt.printerjob=sun.awt.windows.WPrinterJob, file.encoding=windows-1252, java.specification.version=1.8, java.class.path=D:\myprojects\randomprojects\farcar\build\classes\test;D:\myprojects\randomprojects\farcar\build\resources\test;D:\myprojects\randomprojects\farcar\build\classes\main;D:\myprojects\randomprojects\farcar\build\resources\main;C:\Users\Anil\.gradle\caches\modules-2\files-2.1\org.springframework.boot\spring-boot-starter-thymeleaf\1.5.10.RELEASE\39df06f0bc15bf022ddf3cc9a0d1cf5dc47f023a\spring-boot-starter-thymeleaf-1.5.10.RELEASE.jar;C:\Users\Anil\.gradle\caches\modules-2\files-2.1\org.springframework.boot\spring-boot-devtools\1.5.10.RELEASE\64a5e292f913e4b782954765778e6f6910c0208c\spring-boot-devtools-1.5.10.RELEASE.jar;C:\Users\Anil\.gradle\caches\modules-2\files-2.1\org.springframework.boot\spring-boot-starter-data-jpa\1.5.10.RELEASE\ca30f9060231d3161d325580098d326754a2f4e1\spring-boot-starter-data-jpa-1.5.10.RELEASE.jar;C:\Users\Anil\.gradle\caches\modules-2\files-2.1\com.h2database\h2\1.4.196\dd0034398d593aa3588c6773faac429bbd9aea0e\h2-1.4.196.jar;C:\Users\Anil\.gradle\caches\modules-2\files-2.1\org.springframework.boot\spring-boot-starter-test\1.5.10.RELEASE\d4e1be51061d71b55f4bd4458d8437d1b943a70\spring-boot-starter-test-1.5.10.RELEASE.jar;C:\Users\Anil\.gradle\caches\modules-2\files-2.1\org.springframework.boot\spring-boot-starter\1.5.10.RELEASE\d935ac98f84c1d97d7ccd702d21abdc236fa7aa0\spring-boot-starter-1.5.10.RELEASE.jar;C:\Users\Anil\.gradle\caches\modules-2\files-2.1\org.springframework.boot\spring-boot-starter-web\1.5.10.RELEASE\8bc445f3ee81e5322e46b28cbb33bca1800b69d9\spring-boot-starter-web-1.5.10.RELEASE.jar;C:\Users\Anil\.gradle\caches\modules-2\files-2.1\org.thymeleaf\thymeleaf-spring4\2.1.6.RELEASE\a18784dab5e9337a53ce3213b205f927217849f2\thymeleaf-spring4-2.1.6.RELEASE.jar;C:\Users\Anil\.gradle\caches\modules-2\files-2.1\nz.net.ultraq.thymeleaf\thymeleaf-layout-dialect\1.4.0\8d7810c069ed1534b9631fb1e85c35973546086\thymeleaf-layout-dialect-1.4.0.jar;C:\Users\Anil\.gradle\caches\modules-2\files-2.1\org.springframework.boot\spring-boot\1.5.10.RELEASE\594b3efa04829f62754a19f59f81ba204636167a\spring-boot-1.5.10.RELEASE.jar;C:\Users\Anil\.gradle\caches\modules-2\files-2.1\org.springframework.boot\spring-boot-autoconfigure\1.5.10.RELEASE\be96efab0d35181f18c486b0ec8d6a41a7042fce\spring-boot-autoconfigure-1.5.10.RELEASE.jar;C:\Users\Anil\.gradle\caches\modules-2\files-2.1\org.springframework.boot\spring-boot-starter-aop\1.5.10.RELEASE\2e58fd451d9e89a539a2c15efc5089d81dd7a686\spring-boot-starter-aop-1.5.10.RELEASE.jar;C:\Users\Anil\.gradle\caches\modules-2\files-2.1\org.springframework.boot\spring-boot-starter-jdbc\1.5.10.RELEASE\f78396b57f70a0ca8422bcbe8959aa49baf49023\spring-boot-starter-jdbc-1.5.10.RELEASE.jar;C:\Users\Anil\.gradle\caches\modules-2\files-2.1\org.hibernate\hibernate-core\5.0.12.Final\e58bf1c660e6706d8e2cbb53bae110f574366102\hibernate-core-5.0.12.Final.jar;C:\Users\Anil\.gradle\caches\modules-2\files-2.1\org.hibernate\hibernate-entitymanager\5.0.12.Final\302a526f5058290e9cbd719a5caf9f248d344719\hibernate-entitymanager-5.0.12.Final.jar;C:\Users\Anil\.gradle\caches\modules-2\files-2.1\javax.transaction\javax.transaction-api\1.2\d81aff979d603edd90dcd8db2abc1f4ce6479e3e\javax.transaction-api-1.2.jar;C:\Users\Anil\.gradle\caches\modules-2\files-2.1\org.springframework.data\spring-data-jpa\1.11.10.RELEASE\82ec646adc5d33b7b1d8f52e90c0ea030f0888ca\spring-data-jpa-1.11.10.RELEASE.jar;C:\Users\Anil\.gradle\caches\modules-2\files-2.1\org.springframework\spring-aspects\4.3.14.RELEASE\e2d10895e7142dd4c5e979407fe4539146429618\spring-aspects-4.3.14.RELEASE.jar;C:\Users\Anil\.gradle\caches\modules-2\files-2.1\org.springframework.boot\spring-boot-test\1.5.10.RELEASE\b7f28e8896906f0bbbb951727a7c5581c562d1c9\spring-boot-test-1.5.10.RELEASE.jar;C:\Users\Anil\.gradle\caches\modules-2\files-2.1\org.springframework.boot\spring-boot-test-autoconfigure\1.5.10.RELEASE\55242f7c194fb141de8460a92e92b716469fc3a8\spring-boot-test-autoconfigure-1.5.10.RELEASE.jar;C:\Users\Anil\.gradle\caches\modules-2\files-2.1\com.jayway.jsonpath\json-path\2.2.0\22290d17944bd239fabf5ac69005a60a7ecbbbcb\json-path-2.2.0.jar;C:\Users\Anil\.gradle\caches\modules-2\files-2.1\junit\junit\4.12\2973d150c0dc1fefe998f834810d68f278ea58ec\junit-4.12.jar;C:\Users\Anil\.gradle\caches\modules-2\files-2.1\org.assertj\assertj-core\2.6.0\b532c3fc4f66bcfee4989a3514f1cd56203a33ad\assertj-core-2.6.0.jar;C:\Users\Anil\.gradle\caches\modules-2\files-2.1\org.mockito\mockito-core\1.10.19\e8546f5bef4e061d8dd73895b4e8f40e3fe6effe\mockito-core-1.10.19.jar;C:\Users\Anil\.gradle\caches\modules-2\files-2.1\org.hamcrest\hamcrest-core\1.3\42a25dc3219429f0e5d060061f71acb49bf010a0\hamcrest-core-1.3.jar;C:\Users\Anil\.gradle\caches\modules-2\files-2.1\org.hamcrest\hamcrest-library\1.3\4785a3c21320980282f9f33d0d1264a69040538f\hamcrest-library-1.3.jar;C:\Users\Anil\.gradle\caches\modules-2\files-2.1\org.skyscreamer\jsonassert\1.4.0\9cdbb373a06f6513e51e8c545ee6a5e981463edb\jsonassert-1.4.0.jar;C:\Users\Anil\.gradle\caches\modules-2\files-2.1\org.springframework\spring-core\4.3.14.RELEASE\c70ddb6204457a802d1f6882d65bca3e5b3c41df\spring-core-4.3.14.RELEASE.jar;C:\Users\Anil\.gradle\caches\modules-2\files-2.1\org.springframework\spring-test\4.3.14.RELEASE\1a7f6f51a263a3e09e94403653348b3864412c53\spring-test-4.3.14.RELEASE.jar;C:\Users\Anil\.gradle\caches\modules-2\files-2.1\org.springframework.boot\spring-boot-starter-logging\1.5.10.RELEASE\62c73688208b3173645d6701fc3eb95ca657e6c8\spring-boot-starter-logging-1.5.10.RELEASE.jar;C:\Users\Anil\.gradle\caches\modules-2\files-2.1\org.yaml\snakeyaml\1.17\7a27ea250c5130b2922b86dea63cbb1cc10a660c\snakeyaml-1.17.jar;C:\Users\Anil\.gradle\caches\modules-2\files-2.1\org.springframework.boot\spring-boot-starter-tomcat\1.5.10.RELEASE\11e474e265f1c68fc435dddbac42ab3574b5e4b6\spring-boot-starter-tomcat-1.5.10.RELEASE.jar;C:\Users\Anil\.gradle\caches\modules-2\files-2.1\org.hibernate\hibernate-validator\5.3.6.Final\4c730be8bf55a8e9a61e79a2f2c079abf48b718\hibernate-validator-5.3.6.Final.jar;C:\Users\Anil\.gradle\caches\modules-2\files-2.1\com.fasterxml.jackson.core\jackson-databind\2.8.10\f7b83cb2bc4b88d53961e749e1ad32f49ef017b7\jackson-databind-2.8.10.jar;C:\Users\Anil\.gradle\caches\modules-2\files-2.1\org.springframework\spring-web\4.3.14.RELEASE\a0c3bf3ad661db185675bd5af350f35ed11f0903\spring-web-4.3.14.RELEASE.jar;C:\Users\Anil\.gradle\caches\modules-2\files-2.1\org.springframework\spring-webmvc\4.3.14.RELEASE\1571eab8a807005d424ca16fedd54b1f439787b2\spring-webmvc-4.3.14.RELEASE.jar;C:\Users\Anil\.gradle\caches\modules-2\files-2.1\org.thymeleaf\thymeleaf\2.1.6.RELEASE\c362b4ecbeddc86a0cb7e767a88ce27e9c8147e6\thymeleaf-2.1.6.RELEASE.jar;C:\Users\Anil\.gradle\caches\modules-2\files-2.1\org.slf4j\slf4j-api\1.7.25\da76ca59f6a57ee3102f8f9bd9cee742973efa8a\slf4j-api-1.7.25.jar;C:\Users\Anil\.gradle\caches\modules-2\files-2.1\org.codehaus.groovy\groovy\2.4.13\de7b73bed517fa1323aab391b719b59c3702391a\groovy-2.4.13.jar;C:\Users\Anil\.gradle\caches\modules-2\files-2.1\org.springframework\spring-context\4.3.14.RELEASE\e50a712960926c30e537ef4a633f5d9dd5a8b155\spring-context-4.3.14.RELEASE.jar;C:\Users\Anil\.gradle\caches\modules-2\files-2.1\org.springframework\spring-aop\4.3.14.RELEASE\dfe55b0592aead8e3eb0e6a4e98db433b9e09bd7\spring-aop-4.3.14.RELEASE.jar;C:\Users\Anil\.gradle\caches\modules-2\files-2.1\org.aspectj\aspectjweaver\1.8.13\ad94df2a28d658a40dc27bbaff6a1ce5fbf04e9b\aspectjweaver-1.8.13.jar;C:\Users\Anil\.gradle\caches\modules-2\files-2.1\org.apache.tomcat\tomcat-jdbc\8.5.27\f37dfae9e9afb6b2742e04a401e32264c5fec0ec\tomcat-jdbc-8.5.27.jar;C:\Users\Anil\.gradle\caches\modules-2\files-2.1\org.springframework\spring-jdbc\4.3.14.RELEASE\1b1b9045d9ec1e067d99bf158210e9e7cf2ebfd2\spring-jdbc-4.3.14.RELEASE.jar;C:\Users\Anil\.gradle\caches\modules-2\files-2.1\org.jboss.logging\jboss-logging\3.3.1.Final\c46217ab74b532568c0ed31dc599db3048bd1b67\jboss-logging-3.3.1.Final.jar;C:\Users\Anil\.gradle\caches\modules-2\files-2.1\org.hibernate.javax.persistence\hibernate-jpa-2.1-api\1.0.0.Final\5e731d961297e5a07290bfaf3db1fbc8bbbf405a\hibernate-jpa-2.1-api-1.0.0.Final.jar;C:\Users\Anil\.gradle\caches\modules-2\files-2.1\org.javassist\javassist\3.21.0-GA\598244f595db5c5fb713731eddbb1c91a58d959b\javassist-3.21.0-GA.jar;C:\Users\Anil\.gradle\caches\modules-2\files-2.1\antlr\antlr\2.7.7\83cd2cd674a217ade95a4bb83a8a14f351f48bd0\antlr-2.7.7.jar;C:\Users\Anil\.gradle\caches\modules-2\files-2.1\org.jboss\jandex\2.0.0.Final\3e899258936f94649c777193e1be846387ed54b3\jandex-2.0.0.Final.jar;C:\Users\Anil\.gradle\caches\modules-2\files-2.1\dom4j\dom4j\1.6.1\5d3ccc056b6f056dbf0dddfdf43894b9065a8f94\dom4j-1.6.1.jar;C:\Users\Anil\.gradle\caches\modules-2\files-2.1\org.hibernate.common\hibernate-commons-annotations\5.0.1.Final\71e1cff3fcb20d3b3af4f3363c3ddb24d33c6879\hibernate-commons-annotations-5.0.1.Final.jar;C:\Users\Anil\.gradle\caches\modules-2\files-2.1\org.springframework.data\spring-data-commons\1.13.10.RELEASE\b732245a0902b561b0c33e54cd0f382e9ac444ed\spring-data-commons-1.13.10.RELEASE.jar;C:\Users\Anil\.gradle\caches\modules-2\files-2.1\org.springframework\spring-orm\4.3.14.RELEASE\721bc451d02070954ebee039d419b410c4697fcb\spring-orm-4.3.14.RELEASE.jar;C:\Users\Anil\.gradle\caches\modules-2\files-2.1\org.springframework\spring-tx\4.3.14.RELEASE\1c9449fcb805837db3c706eab4c729f89688a267\spring-tx-4.3.14.RELEASE.jar;C:\Users\Anil\.gradle\caches\modules-2\files-2.1\org.springframework\spring-beans\4.3.14.RELEASE\7bcd17a68dd64e9447d7bff2c42ba7417678596e\spring-beans-4.3.14.RELEASE.jar;C:\Users\Anil\.gradle\caches\modules-2\files-2.1\org.slf4j\jcl-over-slf4j\1.7.25\f8c32b13ff142a513eeb5b6330b1588dcb2c0461\jcl-over-slf4j-1.7.25.jar;C:\Users\Anil\.gradle\caches\modules-2\files-2.1\net.minidev\json-smart\2.2.1\5b9e5df7a62d1279b70dc882b041d249c4f0b002\json-smart-2.2.1.jar;C:\Users\Anil\.gradle\caches\modules-2\files-2.1\org.objenesis\objenesis\2.1\87c0ea803b69252868d09308b4618f766f135a96\objenesis-2.1.jar;C:\Users\Anil\.gradle\caches\modules-2\files-2.1\com.vaadin.external.google\android-json\0.0.20131108.vaadin1\fa26d351fe62a6a17f5cda1287c1c6110dec413f\android-json-0.0.20131108.vaadin1.jar;C:\Users\Anil\.gradle\caches\modules-2\files-2.1\ch.qos.logback\logback-classic\1.1.11\ccedfbacef4a6515d2983e3f89ed753d5d4fb665\logback-classic-1.1.11.jar;C:\Users\Anil\.gradle\caches\modules-2\files-2.1\org.slf4j\jul-to-slf4j\1.7.25\af5364cd6679bfffb114f0dec8a157aaa283b76\jul-to-slf4j-1.7.25.jar;C:\Users\Anil\.gradle\caches\modules-2\files-2.1\org.slf4j\log4j-over-slf4j\1.7.25\a87bb47468f47ee7aabbd54f93e133d4215769c3\log4j-over-slf4j-1.7.25.jar;C:\Users\Anil\.gradle\caches\modules-2\files-2.1\org.apache.tomcat.embed\tomcat-embed-core\8.5.27\a10612f0af27c7bfcc4e8d88393adad1fc5b4ece\tomcat-embed-core-8.5.27.jar;C:\Users\Anil\.gradle\caches\modules-2\files-2.1\org.apache.tomcat.embed\tomcat-embed-el\8.5.27\5a591bcf5c930d2b37bb40c0f95180604a3b1a57\tomcat-embed-el-8.5.27.jar;C:\Users\Anil\.gradle\caches\modules-2\files-2.1\org.apache.tomcat.embed\tomcat-embed-websocket\8.5.27\3cba1c5187a17b0233de5712024d6e144036ba9a\tomcat-embed-websocket-8.5.27.jar;C:\Users\Anil\.gradle\caches\modules-2\files-2.1\javax.validation\validation-api\1.1.0.Final\8613ae82954779d518631e05daa73a6a954817d5\validation-api-1.1.0.Final.jar;C:\Users\Anil\.gradle\caches\modules-2\files-2.1\com.fasterxml\classmate\1.3.4\3d5f48f10bbe4eb7bd862f10c0583be2e0053c6\classmate-1.3.4.jar;C:\Users\Anil\.gradle\caches\modules-2\files-2.1\com.fasterxml.jackson.core\jackson-annotations\2.8.0\45b426f7796b741035581a176744d91090e2e6fb\jackson-annotations-2.8.0.jar;C:\Users\Anil\.gradle\caches\modules-2\files-2.1\com.fasterxml.jackson.core\jackson-core\2.8.10\eb21a035c66ad307e66ec8fce37f5d50fd62d039\jackson-core-2.8.10.jar;C:\Users\Anil\.gradle\caches\modules-2\files-2.1\org.springframework\spring-expression\4.3.14.RELEASE\58477b44debcb49b09e962e3047ee74c2c033e89\spring-expression-4.3.14.RELEASE.jar;C:\Users\Anil\.gradle\caches\modules-2\files-2.1\ognl\ognl\3.0.8\37e1aebfde7eb7baebc9ad4f85116ef9009c5fc5\ognl-3.0.8.jar;C:\Users\Anil\.gradle\caches\modules-2\files-2.1\org.unbescape\unbescape\1.1.0.RELEASE\ab0db4fe0a6fa89fb8da2a40008a4e63a7f3f5b9\unbescape-1.1.0.RELEASE.jar;C:\Users\Anil\.gradle\caches\modules-2\files-2.1\org.apache.tomcat\tomcat-juli\8.5.27\583a08f2f59c6abdd86833b572b9a2f55e61a0f2\tomcat-juli-8.5.27.jar;C:\Users\Anil\.gradle\caches\modules-2\files-2.1\net.minidev\accessors-smart\1.1\a527213f2fea112a04c9bdf0ec0264e34104cd08\accessors-smart-1.1.jar;C:\Users\Anil\.gradle\caches\modules-2\files-2.1\ch.qos.logback\logback-core\1.1.11\88b8df40340eed549fb07e2613879bf6b006704d\logback-core-1.1.11.jar;C:\Users\Anil\.gradle\caches\modules-2\files-2.1\org.apache.tomcat\tomcat-annotations-api\8.5.27\122c0a4acaba72bf4590e83c9fbcb3475c46edc5\tomcat-annotations-api-8.5.27.jar;C:\Users\Anil\.gradle\caches\modules-2\files-2.1\org.ow2.asm\asm\5.0.3\dcc2193db20e19e1feca8b1240dbbc4e190824fa\asm-5.0.3.jar, user.name=Anil, java.vm.specification.version=1.8, sun.java.command=jarjar.org.gradle.process.internal.launcher.GradleWorkerMain 'Gradle Test Executor 1', java.home=C:\java\jre, sun.arch.data.model=64, user.language=en, java.specification.vendor=Oracle Corporation, awt.toolkit=sun.awt.windows.WToolkit, java.vm.info=mixed mode, java.version=1.8.0_131, java.ext.dirs=C:\java\jre\lib\ext;C:\Windows\Sun\Java\lib\ext, sun.boot.class.path=C:\java\jre\lib\resources.jar;C:\java\jre\lib\rt.jar;C:\java\jre\lib\sunrsasign.jar;C:\java\jre\lib\jsse.jar;C:\java\jre\lib\jce.jar;C:\java\jre\lib\charsets.jar;C:\java\jre\lib\jfr.jar;C:\java\jre\classes, java.vendor=Oracle Corporation, org.gradle.test.worker=1, file.separator=\, java.vendor.url.bug=http://bugreport.sun.com/bugreport/, sun.io.unicode.encoding=UnicodeLittle, sun.cpu.endian=little, sun.desktop=windows, sun.cpu.isalist=amd64}}, SystemEnvironmentPropertySource@941458830 {name='systemEnvironment', properties={PROCESSOR_LEVEL=6, FP_NO_HOST_CHECK=NO, SESSIONNAME=Console, ALLUSERSPROFILE=C:\ProgramData, PROCESSOR_ARCHITECTURE=AMD64, PSModulePath=C:\Windows\system32\WindowsPowerShell\v1.0\Modules\, SystemDrive=C:, MAVEN_HOME=C:\apache-maven-3.5.2, DIRNAME=D:\myprojects\randomprojects\farcar\, USERNAME=Anil, CMD_LINE_ARGS=build, ProgramFiles(x86)=C:\Program Files (x86), APP_HOME=D:\myprojects\randomprojects\farcar\, PATHEXT=.COM;.EXE;.BAT;.CMD;.VBS;.VBE;.JS;.JSE;.WSF;.WSH;.MSC, ProgramData=C:\ProgramData, ProgramW6432=C:\Program Files, HOMEPATH=\Users\Anil, PROCESSOR_IDENTIFIER=Intel64 Family 6 Model 37 Stepping 2, GenuineIntel, ProgramFiles=C:\Program Files, PUBLIC=C:\Users\Public, windir=C:\Windows, =::=::\, _SKIP=2, LOCALAPPDATA=C:\Users\Anil\AppData\Local, USERDOMAIN=Anil-PC, LOGONSERVER=\\ANIL-PC, JAVA_HOME=C:\java, PROMPT=$P$G, ANT_HOME=C:\apache-ant-1.6.0, APPDATA=C:\Users\Anil\AppData\Roaming, JAVA_EXE=C:\java/bin/java.exe, windows_tracing_logfile=C:\BVTBin\Tests\installpackage\csilogfile.log, CommonProgramFiles=C:\Program Files\Common Files, Path=C:\ProgramData\Oracle\Java\javapath;C:\Windows\system32;C:\Windows;C:\Windows\System32\Wbem;C:\Windows\System32\WindowsPowerShell\v1.0\;C:\Program Files\Git\cmd;C:\Program Files\Git\mingw64\bin;C:\Program Files\Git\usr\bin;C:\apache-maven-3.5.2\bin;C:\apache-maven-3.5.2\bin, OS=Windows_NT, windows_tracing_flags=3, COMPUTERNAME=ANIL-PC, PROCESSOR_REVISION=2502, CLASSPATH=D:\myprojects\randomprojects\farcar\\gradle\wrapper\gradle-wrapper.jar, CommonProgramW6432=C:\Program Files\Common Files, ComSpec=C:\Windows\system32\cmd.exe, APP_BASE_NAME=gradlew, =D:=D:\myprojects\randomprojects\farcar, SystemRoot=C:\Windows, TEMP=C:\Users\Anil\AppData\Local\Temp, HOMEDRIVE=C:, USERPROFILE=C:\Users\Anil, TMP=C:\Users\Anil\AppData\Local\Temp, CommonProgramFiles(x86)=C:\Program Files (x86)\Common Files, NUMBER_OF_PROCESSORS=4}}]
20:32:57.777 [Test worker] DEBUG org.springframework.core.env.MutablePropertySources - Adding PropertySource 'inline' with highest search precedence
20:32:57.786 [Test worker] DEBUG org.springframework.test.context.support.TestPropertySourceUtils - Adding inlined properties to environment: {spring.jmx.enabled=false, org.springframework.boot.test.context.SpringBootTestContextBootstrapper=true, server.port=-1}
20:32:57.786 [Test worker] DEBUG org.springframework.core.env.StandardEnvironment - Adding PropertySource 'Inlined Test Properties' with highest search precedence

  .   ____          _            __ _ _
 /\\ / ___'_ __ _ _(_)_ __  __ _ \ \ \ \
( ( )\___ | '_ | '_| | '_ \/ _` | \ \ \ \
 \\/  ___)| |_)| | | | | || (_| |  ) ) ) )
  '  |____| .__|_| |_|_| |_\__, | / / / /
 =========|_|==============|___/=/_/_/_/
 :: Spring Boot ::       (v1.5.10.RELEASE)

2018-02-02 20:32:58.176  INFO 3268 --- [    Test worker] hello.ApplicationTest                    : Starting ApplicationTest on Anil-PC with PID 3268 (started by Anil in D:\myprojects\randomprojects\farcar)
2018-02-02 20:32:58.178  INFO 3268 --- [    Test worker] hello.ApplicationTest                    : No active profile set, falling back to default profiles: default
2018-02-02 20:32:58.596  INFO 3268 --- [    Test worker] o.s.w.c.s.GenericWebApplicationContext   : Refreshing org.springframework.web.context.support.GenericWebApplicationContext@556a73eb: startup date [Fri Feb 02 20:32:58 IST 2018]; root of context hierarchy
2018-02-02 20:33:00.534  INFO 3268 --- [    Test worker] trationDelegate$BeanPostProcessorChecker : Bean 'org.springframework.transaction.annotation.ProxyTransactionManagementConfiguration' of type [org.springframework.transaction.annotation.ProxyTransactionManagementConfiguration$$EnhancerBySpringCGLIB$$8d0e0b00] is not eligible for getting processed by all BeanPostProcessors (for example: not eligible for auto-proxying)
2018-02-02 20:33:01.653  INFO 3268 --- [    Test worker] j.LocalContainerEntityManagerFactoryBean : Building JPA container EntityManagerFactory for persistence unit 'default'
2018-02-02 20:33:01.677  INFO 3268 --- [    Test worker] o.hibernate.jpa.internal.util.LogHelper  : HHH000204: Processing PersistenceUnitInfo [
	name: default
	...]
2018-02-02 20:33:01.787  INFO 3268 --- [    Test worker] org.hibernate.Version                    : HHH000412: Hibernate Core {5.0.12.Final}
2018-02-02 20:33:01.790  INFO 3268 --- [    Test worker] org.hibernate.cfg.Environment            : HHH000206: hibernate.properties not found
2018-02-02 20:33:01.793  INFO 3268 --- [    Test worker] org.hibernate.cfg.Environment            : HHH000021: Bytecode provider name : javassist
2018-02-02 20:33:02.044  INFO 3268 --- [    Test worker] o.hibernate.annotations.common.Version   : HCANN000001: Hibernate Commons Annotations {5.0.1.Final}
2018-02-02 20:33:02.226  INFO 3268 --- [    Test worker] org.hibernate.dialect.Dialect            : HHH000400: Using dialect: org.hibernate.dialect.H2Dialect
2018-02-02 20:33:02.797  INFO 3268 --- [    Test worker] org.hibernate.tool.hbm2ddl.SchemaExport  : HHH000227: Running hbm2ddl schema export
2018-02-02 20:33:02.814  INFO 3268 --- [    Test worker] org.hibernate.tool.hbm2ddl.SchemaExport  : HHH000230: Schema export complete
2018-02-02 20:33:02.861  INFO 3268 --- [    Test worker] j.LocalContainerEntityManagerFactoryBean : Initialized JPA EntityManagerFactory for persistence unit 'default'
2018-02-02 20:33:03.559  INFO 3268 --- [    Test worker] o.s.b.t.m.w.SpringBootMockServletContext : Initializing Spring FrameworkServlet ''
2018-02-02 20:33:03.560  INFO 3268 --- [    Test worker] o.s.t.web.servlet.TestDispatcherServlet  : FrameworkServlet '': initialization started
2018-02-02 20:33:03.856  INFO 3268 --- [    Test worker] s.w.s.m.m.a.RequestMappingHandlerMapping : Mapped "{[/greeting]}" onto public hello.Greeting hello.BookController.greeting(java.lang.String)
2018-02-02 20:33:03.858  INFO 3268 --- [    Test worker] s.w.s.m.m.a.RequestMappingHandlerMapping : Mapped "{[/cities]}" onto public java.util.List<hello.City> hello.CityController.getCities()
2018-02-02 20:33:03.859  INFO 3268 --- [    Test worker] s.w.s.m.m.a.RequestMappingHandlerMapping : Mapped "{[/customers]}" onto public java.util.List<hello.Customer> hello.CustomerController.getAllCustomers()
2018-02-02 20:33:03.860  INFO 3268 --- [    Test worker] s.w.s.m.m.a.RequestMappingHandlerMapping : Mapped "{[/suzuka]}" onto public java.lang.String hello.GreetingController.greeting(java.lang.String,org.springframework.ui.Model)
2018-02-02 20:33:03.868  INFO 3268 --- [    Test worker] s.w.s.m.m.a.RequestMappingHandlerMapping : Mapped "{[/error]}" onto public org.springframework.http.ResponseEntity<java.util.Map<java.lang.String, java.lang.Object>> org.springframework.boot.autoconfigure.web.BasicErrorController.error(javax.servlet.http.HttpServletRequest)
2018-02-02 20:33:03.869  INFO 3268 --- [    Test worker] s.w.s.m.m.a.RequestMappingHandlerMapping : Mapped "{[/error],produces=[text/html]}" onto public org.springframework.web.servlet.ModelAndView org.springframework.boot.autoconfigure.web.BasicErrorController.errorHtml(javax.servlet.http.HttpServletRequest,javax.servlet.http.HttpServletResponse)
2018-02-02 20:33:03.938  INFO 3268 --- [    Test worker] o.s.w.s.handler.SimpleUrlHandlerMapping  : Mapped URL path [/webjars/**] onto handler of type [class org.springframework.web.servlet.resource.ResourceHttpRequestHandler]
2018-02-02 20:33:03.938  INFO 3268 --- [    Test worker] o.s.w.s.handler.SimpleUrlHandlerMapping  : Mapped URL path [/**] onto handler of type [class org.springframework.web.servlet.resource.ResourceHttpRequestHandler]
2018-02-02 20:33:03.974  INFO 3268 --- [    Test worker] o.s.w.s.handler.SimpleUrlHandlerMapping  : Mapped URL path [/**/favicon.ico] onto handler of type [class org.springframework.web.servlet.resource.ResourceHttpRequestHandler]
2018-02-02 20:33:03.993  INFO 3268 --- [    Test worker] oConfiguration$WelcomePageHandlerMapping : Adding welcome page: ServletContext resource [/index.html]
2018-02-02 20:33:04.367  INFO 3268 --- [    Test worker] s.w.s.m.m.a.RequestMappingHandlerAdapter : Looking for @ControllerAdvice: org.springframework.web.context.support.GenericWebApplicationContext@556a73eb: startup date [Fri Feb 02 20:32:58 IST 2018]; root of context hierarchy
2018-02-02 20:33:05.018  INFO 3268 --- [    Test worker] o.s.t.web.servlet.TestDispatcherServlet  : FrameworkServlet '': initialization completed in 1458 ms
2018-02-02 20:33:05.568  INFO 3268 --- [    Test worker] hello.ApplicationTest                    : Started ApplicationTest in 7.767 seconds (JVM running for 9.085)
]]></system-out>
  <system-err><![CDATA[]]></system-err>
</testsuite>
